<?xml version="1.0" encoding="utf-8"?><testsuites name="pytest tests"><testsuite name="pytest" errors="0" failures="0" skipped="0" tests="74" time="4.167" timestamp="2026-05-21T09:38:24.589970+00:00" hostname="5d7dfabcce92"><testcase classname="tests.quick_test" name="test_stage1" time="0.307" /><testcase classname="tests.quick_test" name="test_report" time="0.149" /><testcase classname="tests.quick_test" name="test_configs" time="0.000" /><testcase classname="tests.test_incident_response.TestModels" name="test_responsible_person_defaults" time="0.000" /><testcase classname="tests.test_incident_response.TestModels" name="test_responsible_person_to_from_dict" time="0.000" /><testcase classname="tests.test_incident_response.TestModels" name="test_api_binding_matches" time="0.000" /><testcase classname="tests.test_incident_response.TestModels" name="test_incident_properties" time="0.000" /><testcase classname="tests.test_incident_response.TestModels" name="test_health_change_properties" time="0.000" /><testcase classname="tests.test_incident_response.TestModels" name="test_health_change_no_improvement" time="0.000" /><testcase classname="tests.test_incident_response.TestModels" name="test_internalized_knowledge_defaults" time="0.000" /><testcase classname="tests.test_incident_response.TestDispositionRules" name="test_auto_block_critical_high_confidence" time="0.000" /><testcase classname="tests.test_incident_response.TestDispositionRules" name="test_notify_email_critical_medium_confidence" time="0.000" /><testcase classname="tests.test_incident_response.TestDispositionRules" name="test_notify_email_high" time="0.000" /><testcase classname="tests.test_incident_response.TestDispositionRules" name="test_notify_email_medium" time="0.000" /><testcase classname="tests.test_incident_response.TestDispositionRules" name="test_auto_log_low" time="0.000" /><testcase classname="tests.test_incident_response.TestDispositionRules" name="test_none_info" time="0.000" /><testcase classname="tests.test_incident_response.TestPersonBinding" name="test_add_and_find_person" time="0.010" /><testcase classname="tests.test_incident_response.TestPersonBinding" name="test_delete_person_removes_bindings" time="0.001" /><testcase classname="tests.test_incident_response.TestPersonBinding" name="test_add_binding_nonexistent_person" time="0.000" /><testcase classname="tests.test_incident_response.TestPersonBinding" name="test_find_responsible_for_api" time="0.001" /><testcase classname="tests.test_incident_response.TestHealthTracker" name="test_snapshot_creates_record" time="0.035" /><testcase classname="tests.test_incident_response.TestHealthTracker" name="test_snapshot_high_anomaly_rate" time="0.000" /><testcase classname="tests.test_incident_response.TestHealthTracker" name="test_snapshot_no_anomalies" time="0.000" /><testcase classname="tests.test_incident_response.TestHealthTracker" name="test_get_health_trend_empty" time="0.000" /><testcase classname="tests.test_incident_response.TestHealthTracker" name="test_get_health_trend_with_data" time="0.001" /><testcase classname="tests.test_incident_response.TestHealthTracker" name="test_record_change" time="0.000" /><testcase classname="tests.test_incident_response.TestKnowledgeInternalizer" name="test_internalize_creates_entry" time="0.000" /><testcase classname="tests.test_incident_response.TestKnowledgeInternalizer" name="test_internalize_effectiveness_score" time="0.000" /><testcase classname="tests.test_incident_response.TestKnowledgeInternalizer" name="test_internalize_degraded" time="0.000" /><testcase classname="tests.test_incident_response.TestKnowledgeInternalizer" name="test_search_by_api" time="0.000" /><testcase classname="tests.test_incident_response.TestKnowledgeInternalizer" name="test_build_rag_context" time="0.000" /><testcase classname="tests.test_incident_response.TestKnowledgeInternalizer" name="test_get_summary" time="0.001" /><testcase classname="tests.test_incident_response.TestKnowledgeInternalizer" name="test_get_all" time="0.000" /><testcase classname="tests.test_incident_response.TestDispositionEngine" name="test_process_incident_basic" time="0.001" /><testcase classname="tests.test_incident_response.TestDispositionEngine" name="test_process_incident_critical" time="0.001" /><testcase classname="tests.test_incident_response.TestDispositionEngine" name="test_process_incident_with_person" time="0.004" /><testcase classname="tests.test_incident_response.TestDispositionEngine" name="test_process_batch" time="0.001" /><testcase classname="tests.test_incident_response.TestDispositionEngine" name="test_incident_history_empty" time="0.000" /><testcase classname="tests.test_incident_response.TestDispositionEngine" name="test_incident_history_with_data" time="0.001" /><testcase classname="tests.test_incident_response.TestDispositionEngine" name="test_summary_stats_empty" time="0.000" /><testcase classname="tests.test_incident_response.TestDispositionEngine" name="test_summary_stats_with_data" time="0.002" /><testcase classname="tests.test_incident_response.TestEndToEnd" name="test_full_pipeline_with_batch_and_knowledge" time="0.022" /><testcase classname="tests.test_incident_response.TestEndToEnd" name="test_health_tracking_after_multiple_incidents" time="0.002" /><testcase classname="tests.test_mock_api.TestMockAPI" name="test_health_check" time="0.430" /><testcase classname="tests.test_mock_api.TestMockAPI" name="test_chat_completion_normal" time="0.001" /><testcase classname="tests.test_mock_api.TestMockAPI" name="test_chat_completion_dir_traversal" time="0.001" /><testcase classname="tests.test_mock_api.TestMockAPI" name="test_chat_completion_xss" time="0.001" /><testcase classname="tests.test_mock_api.TestMockAPI" name="test_api_format_compatibility" time="0.001" /><testcase classname="tests.test_mock_api.TestMockAPI" name="test_empty_prompt_handling" time="0.001" /><testcase classname="tests.test_mock_api.TestMockAPI" name="test_reset_mode" time="0.001" /><testcase classname="tests.test_mock_api.TestMockAPI" name="test_serial_detection_mock_sequence" time="0.197" /><testcase classname="tests.test_pipeline.TestStage2WithMockAPI" name="test_stage2_with_mock_api" time="0.616" /><testcase classname="tests.test_pipeline.TestStage2WithMockAPI" name="test_serial_detection_lifecycle" time="0.001" /><testcase classname="tests.test_pipeline.TestReportGeneration" name="test_generate_report" time="0.146" /><testcase classname="tests.test_pipeline.TestReportGeneration" name="test_report_markdown_format" time="0.146" /><testcase classname="tests.test_pipeline.TestReportGeneration" name="test_report_save_load" time="0.170" /><testcase classname="tests.test_pipeline.TestCascadeIntegration" name="test_cascade_metrics_calculation" time="0.001" /><testcase classname="tests.test_pipeline.TestCascadeIntegration" name="test_cross_version_config_consistency" time="0.000" /><testcase classname="tests.test_pipeline.TestCascadeIntegration" name="test_prompt_templates_loadable" time="0.141" /><testcase classname="tests.test_stage1.TestFeatureExtraction" name="test_extraction_from_valid_row" time="0.000" /><testcase classname="tests.test_stage1.TestFeatureExtraction" name="test_extraction_from_empty_row" time="0.000" /><testcase classname="tests.test_stage1.TestFeatureExtraction" name="test_dir_traversal_detection" time="0.000" /><testcase classname="tests.test_stage1.TestFeatureExtraction" name="test_xss_detection" time="0.000" /><testcase classname="tests.test_stage1.TestFeatureExtraction" name="test_injection_detection" time="0.000" /><testcase classname="tests.test_stage1.TestFeatureExtraction" name="test_sensitive_data_detection" time="0.000" /><testcase classname="tests.test_stage1.TestFeatureExtraction" name="test_feature_vector_structure" time="0.000" /><testcase classname="tests.test_stage1.TestFeatureExtraction" name="test_status_code_features" time="0.000" /><testcase classname="tests.test_stage1.TestFeatureExtraction" name="test_unauthorized_access_heuristic" time="0.000" /><testcase classname="tests.test_stage1.TestFeatureExtraction" name="test_response_time_features" time="0.000" /><testcase classname="tests.test_stage1.TestBinaryClassifier" name="test_feature_preparation_shape" time="0.072" /><testcase classname="tests.test_stage1.TestBinaryClassifier" name="test_training_completes" time="0.221" /><testcase classname="tests.test_stage1.TestBinaryClassifier" name="test_prediction_output" time="0.321" /><testcase classname="tests.test_stage1.TestBinaryClassifier" name="test_different_thresholds" time="0.332" /><testcase classname="tests.test_stage1.TestStage1Pipeline" name="test_full_stage1_run" time="0.286" /></testsuite></testsuites>